D:\Id-Informatik\dev\nplib\last\tools\3dsmax\mshexp\\..\plugins\mshexp.dle
D:\Id-Informatik\dev\nplib\last\tools\3dsmax\mshexp\\..\plugins\mshexp.ilk
D:\Id-Informatik\dev\nplib\last\tools\3dsmax\mshexp\\..\plugins\mshexp.pdb
D:\Id-Informatik\dev\nplib\last\tools\3dsmax\mshexp\mshexp\Debug\cl.command.1.tlog
D:\Id-Informatik\dev\nplib\last\tools\3dsmax\mshexp\mshexp\Debug\CL.read.1.tlog
D:\Id-Informatik\dev\nplib\last\tools\3dsmax\mshexp\mshexp\Debug\CL.write.1.tlog
D:\ID-INFORMATIK\DEV\NPLIB\LAST\TOOLS\3DSMAX\MSHEXP\MSHEXP\DEBUG\DIALOG.OBJ
D:\Id-Informatik\dev\nplib\last\tools\3dsmax\mshexp\mshexp\Debug\link.5404.read.1.tlog
D:\Id-Informatik\dev\nplib\last\tools\3dsmax\mshexp\mshexp\Debug\link.5404.write.1.tlog
D:\Id-Informatik\dev\nplib\last\tools\3dsmax\mshexp\mshexp\Debug\link.5404-cvtres.read.1.tlog
D:\Id-Informatik\dev\nplib\last\tools\3dsmax\mshexp\mshexp\Debug\link.5404-cvtres.write.1.tlog
D:\Id-Informatik\dev\nplib\last\tools\3dsmax\mshexp\mshexp\Debug\link.command.1.tlog
D:\Id-Informatik\dev\nplib\last\tools\3dsmax\mshexp\mshexp\Debug\link.read.1.tlog
D:\Id-Informatik\dev\nplib\last\tools\3dsmax\mshexp\mshexp\Debug\link.write.1.tlog
D:\Id-Informatik\dev\nplib\last\tools\3dsmax\mshexp\mshexp\Debug\link-cvtres.read.1.tlog
D:\Id-Informatik\dev\nplib\last\tools\3dsmax\mshexp\mshexp\Debug\link-cvtres.write.1.tlog
D:\ID-INFORMATIK\DEV\NPLIB\LAST\TOOLS\3DSMAX\MSHEXP\MSHEXP\DEBUG\MAIN.OBJ
D:\ID-INFORMATIK\DEV\NPLIB\LAST\TOOLS\3DSMAX\MSHEXP\MSHEXP\DEBUG\MSHEXP.DLE.EMBED.MANIFEST
D:\ID-INFORMATIK\DEV\NPLIB\LAST\TOOLS\3DSMAX\MSHEXP\MSHEXP\DEBUG\MSHEXP.DLE.EMBED.MANIFEST.RES
D:\ID-INFORMATIK\DEV\NPLIB\LAST\TOOLS\3DSMAX\MSHEXP\MSHEXP\DEBUG\MSHEXP.DLE.INTERMEDIATE.MANIFEST
D:\ID-INFORMATIK\DEV\NPLIB\LAST\TOOLS\3DSMAX\MSHEXP\MSHEXP\DEBUG\MSHEXP.RES
D:\Id-Informatik\dev\nplib\last\tools\3dsmax\mshexp\mshexp\Debug\mshexp.write.1.tlog
D:\Id-Informatik\dev\nplib\last\tools\3dsmax\mshexp\mshexp\Debug\mshexp_manifest.rc
D:\Id-Informatik\dev\nplib\last\tools\3dsmax\mshexp\mshexp\Debug\mt.command.1.tlog
D:\Id-Informatik\dev\nplib\last\tools\3dsmax\mshexp\mshexp\Debug\mt.read.1.tlog
D:\Id-Informatik\dev\nplib\last\tools\3dsmax\mshexp\mshexp\Debug\mt.write.1.tlog
D:\Id-Informatik\dev\nplib\last\tools\3dsmax\mshexp\mshexp\Debug\rc.command.1.tlog
D:\Id-Informatik\dev\nplib\last\tools\3dsmax\mshexp\mshexp\Debug\rc.read.1.tlog
D:\Id-Informatik\dev\nplib\last\tools\3dsmax\mshexp\mshexp\Debug\rc.write.1.tlog
D:\Id-Informatik\dev\nplib\last\tools\3dsmax\mshexp\mshexp\Debug\vc100.idb
D:\ID-INFORMATIK\DEV\NPLIB\LAST\TOOLS\3DSMAX\MSHEXP\MSHEXP\DEBUG\VC100.PDB
D:\ID-INFORMATIK\DEV\NPLIB\LAST\TOOLS\3DSMAX\MSHEXP\MSHEXP\DEBUG\WINCSL.OBJ
D:\ID-INFORMATIK\DEV\NPLIB\LAST\TOOLS\3DSMAX\PLUGINS\MSHEXP.DLE
D:\Id-Informatik\dev\nplib\last\tools\3dsmax\plugins\mshexp.exp
D:\ID-INFORMATIK\DEV\NPLIB\LAST\TOOLS\3DSMAX\PLUGINS\MSHEXP.ILK
D:\Id-Informatik\dev\nplib\last\tools\3dsmax\plugins\mshexp.lib
D:\ID-INFORMATIK\DEV\NPLIB\LAST\TOOLS\3DSMAX\PLUGINS\MSHEXP.PDB
